<?xml version="1.0" encoding="UTF-8"?>
<testng-results ignored="0" total="1" passed="1" failed="0" skipped="0">
  <reporter-output>
  </reporter-output>
  <suite started-at="2024-04-19T16:07:55 IST" name="Default suite" finished-at="2024-04-19T16:08:12 IST" duration-ms="17482">
    <groups>
      <group name="cucumber">
        <method signature="AbstractTestNGCucumberTests.runScenario(io.cucumber.testng.PickleWrapper,io.cucumber.testng.FeatureWrapper)[pri:0, instance:demo1.cucumber.Ctestrunner@1040be71]" name="runScenario" class="io.cucumber.testng.AbstractTestNGCucumberTests"/>
      </group> <!-- cucumber -->
    </groups>
    <test started-at="2024-04-19T16:07:55 IST" name="Default test" finished-at="2024-04-19T16:08:12 IST" duration-ms="17482">
      <class name="demo1.cucumber.Ctestrunner">
        <test-method is-config="true" signature="setUpClass(org.testng.ITestContext)[pri:0, instance:demo1.cucumber.Ctestrunner@1040be71]" started-at="2024-04-19T16:07:55 IST" name="setUpClass" finished-at="2024-04-19T16:07:55 IST" duration-ms="732" status="PASS">
          <params>
            <param index="0">
              <value>
                <![CDATA[org.testng.TestRunner@273a5a8a]]>
              </value>
            </param>
          </params>
          <reporter-output>
          </reporter-output>
        </test-method> <!-- setUpClass -->
        <test-method signature="runScenario(io.cucumber.testng.PickleWrapper,io.cucumber.testng.FeatureWrapper)[pri:0, instance:demo1.cucumber.Ctestrunner@1040be71]" started-at="2024-04-19T16:07:56 IST" name="runScenario" description="Runs Cucumber Scenarios" data-provider="scenarios" finished-at="2024-04-19T16:08:12 IST" duration-ms="16606" status="PASS">
          <params>
            <param index="0">
              <value>
                <![CDATA["Search Functionality"]]>
              </value>
            </param>
            <param index="1">
              <value>
                <![CDATA["Google search functionality"]]>
              </value>
            </param>
          </params>
          <reporter-output>
          </reporter-output>
        </test-method> <!-- runScenario -->
        <test-method is-config="true" signature="tearDownClass()[pri:0, instance:demo1.cucumber.Ctestrunner@1040be71]" started-at="2024-04-19T16:08:12 IST" name="tearDownClass" finished-at="2024-04-19T16:08:12 IST" duration-ms="43" status="PASS">
          <reporter-output>
          </reporter-output>
        </test-method> <!-- tearDownClass -->
      </class> <!-- demo1.cucumber.Ctestrunner -->
    </test> <!-- Default test -->
  </suite> <!-- Default suite -->
</testng-results>
